> Task :compileJava FAILED

FAILURE: Build failed with an exception.

* What went wrong:
Execution failed for task ':compileJava'.
> Error while evaluating property 'javaCompiler' of task ':compileJava'.
   > Failed to calculate the value of task ':compileJava' property 'javaCompiler'.
      > Cannot find a Java installation on your machine matching this tasks requirements: {languageVersion=21, vendor=any, implementation=vendor-specific} for WINDOWS on x86_64.
         > No locally installed toolchains match and toolchain download repositories have not been configured.

* Try:
> Learn more about toolchain auto-detection at https://docs.gradle.org/8.8/userguide/toolchains.html#sec:auto_detection.
> Learn more about toolchain repositories at https://docs.gradle.org/8.8/userguide/toolchains.html#sub:download_repositories.
> Run with --stacktrace option to get the stack trace.
> Run with --info or --debug option to get more log output.
> Run with --scan to get full insights.
> Get more help at https://help.gradle.org.

BUILD FAILED in 979ms
1 actionable task: 1 executed
